  stdafx.cpp
  wisdomio.c
  wisdom.c
..\..\..\fftw\wisdom.c(153): warning C4996: 'sprintf': This function or variable may be unsafe. Consider using sprintf_s instead. To disable deprecation, use _CRT_SECURE_NO_WARNINGS. See online help for details.
          c:\Program Files (x86)\Microsoft Visual Studio 10.0\VC\include\stdio.h(371) : see declaration of 'sprintf'
  twiddle.c
  timer.c
  rader.c
  putils.c
  planner.c
  malloc.c
  generic.c
  ftw_9.c
  ftw_8.c
  ftw_7.c
  ftw_64.c
  ftw_6.c
  ftw_5.c
  ftw_4.c
  ftw_32.c
  ftw_3.c
  ftw_2.c
  ftw_16.c
  Generating Code...
  Compiling...
  ftw_10.c
  ftwi_9.c
  ftwi_8.c
  ftwi_7.c
  ftwi_64.c
  ftwi_6.c
  ftwi_5.c
  ftwi_4.c
  ftwi_32.c
  ftwi_3.c
  ftwi_2.c
  ftwi_16.c
  ftwi_10.c
  fn_9.c
  fn_8.c
  fn_7.c
  fn_64.c
  fn_6.c
  fn_5.c
  fn_4.c
  Generating Code...
  Compiling...
  fn_32.c
  fn_3.c
  fn_2.c
  fn_16.c
  fn_15.c
  fn_14.c
  fn_13.c
  fn_12.c
  fn_11.c
  fn_10.c
  fn_1.c
  fni_9.c
  fni_8.c
  fni_7.c
  fni_64.c
  fni_6.c
  fni_5.c
  fni_4.c
  fni_32.c
  fni_3.c
  Generating Code...
  Compiling...
  fni_2.c
  fni_16.c
  fni_15.c
  fni_14.c
  fni_13.c
  fni_12.c
  fni_11.c
  fni_10.c
  fni_1.c
  fftwnd.c
  fftwf77.c
  executor.c
  config.c
  Generating Code...
  fftw.vcxproj -> C:\Users\sean\Documents\Visual Studio 2013\Projects\fftw-2.1.5\build\fftw\fftw\..\..\thirdparty\win-libs-vc10-x64\fftw\lib\fftw.lib
